Determining if the pthread_create exist failed with the following output:
Change Dir: /home/wxk/cpp/tensorRT_Pro/CMakeFiles/CMakeTmp

Run Build Command:"/usr/bin/gmake" "cmTC_35589/fast"
/usr/bin/gmake -f CMakeFiles/cmTC_35589.dir/build.make CMakeFiles/cmTC_35589.dir/build
gmake[1]: 进入目录“/home/wxk/cpp/tensorRT_Pro/CMakeFiles/CMakeTmp”
Building C object CMakeFiles/cmTC_35589.dir/CheckSymbolExists.c.o
/usr/bin/cc    -fPIC    -o CMakeFiles/cmTC_35589.dir/CheckSymbolExists.c.o   -c /home/wxk/cpp/tensorRT_Pro/CMakeFiles/CMakeTmp/CheckSymbolExists.c
Linking C executable cmTC_35589
/usr/local/bin/cmake -E cmake_link_script CMakeFiles/cmTC_35589.dir/link.txt --verbose=1
/usr/bin/cc  -fPIC     CMakeFiles/cmTC_35589.dir/CheckSymbolExists.c.o  -o cmTC_35589 -rdynamic 
CMakeFiles/cmTC_35589.dir/CheckSymbolExists.c.o：在函数‘main’中：
CheckSymbolExists.c:(.text+0x1b)：对‘pthread_create’未定义的引用
collect2: 错误：ld 返回 1
gmake[1]: *** [cmTC_35589] 错误 1
gmake[1]: 离开目录“/home/wxk/cpp/tensorRT_Pro/CMakeFiles/CMakeTmp”
gmake: *** [cmTC_35589/fast] 错误 2

File /home/wxk/cpp/tensorRT_Pro/CMakeFiles/CMakeTmp/CheckSymbolExists.c:
/* */
#include <pthread.h>

int main(int argc, char** argv)
{
  (void)argv;
#ifndef pthread_create
  return ((int*)(&pthread_create))[argc];
#else
  (void)argc;
  return 0;
#endif
}

Determining if the function pthread_create exists in the pthreads failed with the following output:
Change Dir: /home/wxk/cpp/tensorRT_Pro/CMakeFiles/CMakeTmp

Run Build Command:"/usr/bin/gmake" "cmTC_a1764/fast"
/usr/bin/gmake -f CMakeFiles/cmTC_a1764.dir/build.make CMakeFiles/cmTC_a1764.dir/build
gmake[1]: 进入目录“/home/wxk/cpp/tensorRT_Pro/CMakeFiles/CMakeTmp”
Building C object CMakeFiles/cmTC_a1764.dir/CheckFunctionExists.c.o
/usr/bin/cc    -fPIC -DCHECK_FUNCTION_EXISTS=pthread_create   -o CMakeFiles/cmTC_a1764.dir/CheckFunctionExists.c.o   -c /usr/local/share/cmake-3.7/Modules/CheckFunctionExists.c
Linking C executable cmTC_a1764
/usr/local/bin/cmake -E cmake_link_script CMakeFiles/cmTC_a1764.dir/link.txt --verbose=1
/usr/bin/cc  -fPIC -DCHECK_FUNCTION_EXISTS=pthread_create    CMakeFiles/cmTC_a1764.dir/CheckFunctionExists.c.o  -o cmTC_a1764 -rdynamic -lpthreads 
/usr/bin/ld: cannot find -lpthreads
collect2: 错误：ld 返回 1
gmake[1]: *** [cmTC_a1764] 错误 1
gmake[1]: 离开目录“/home/wxk/cpp/tensorRT_Pro/CMakeFiles/CMakeTmp”
gmake: *** [cmTC_a1764/fast] 错误 2


Determining if the pthread_create exist failed with the following output:
Change Dir: /home/wxk/cpp/tensorRT_Pro/CMakeFiles/CMakeTmp

Run Build Command:"/usr/bin/gmake" "cmTC_30d08/fast"
/usr/bin/gmake -f CMakeFiles/cmTC_30d08.dir/build.make CMakeFiles/cmTC_30d08.dir/build
gmake[1]: 进入目录“/home/wxk/cpp/tensorRT_Pro/CMakeFiles/CMakeTmp”
Building C object CMakeFiles/cmTC_30d08.dir/CheckSymbolExists.c.o
/usr/bin/cc    -fPIC    -o CMakeFiles/cmTC_30d08.dir/CheckSymbolExists.c.o   -c /home/wxk/cpp/tensorRT_Pro/CMakeFiles/CMakeTmp/CheckSymbolExists.c
Linking C executable cmTC_30d08
/usr/local/bin/cmake -E cmake_link_script CMakeFiles/cmTC_30d08.dir/link.txt --verbose=1
/usr/bin/cc  -fPIC     CMakeFiles/cmTC_30d08.dir/CheckSymbolExists.c.o  -o cmTC_30d08 -rdynamic 
CMakeFiles/cmTC_30d08.dir/CheckSymbolExists.c.o：在函数‘main’中：
CheckSymbolExists.c:(.text+0x1b)：对‘pthread_create’未定义的引用
collect2: 错误：ld 返回 1
gmake[1]: *** [cmTC_30d08] 错误 1
gmake[1]: 离开目录“/home/wxk/cpp/tensorRT_Pro/CMakeFiles/CMakeTmp”
gmake: *** [cmTC_30d08/fast] 错误 2

File /home/wxk/cpp/tensorRT_Pro/CMakeFiles/CMakeTmp/CheckSymbolExists.c:
/* */
#include <pthread.h>

int main(int argc, char** argv)
{
  (void)argv;
#ifndef pthread_create
  return ((int*)(&pthread_create))[argc];
#else
  (void)argc;
  return 0;
#endif
}

Determining if the function pthread_create exists in the pthreads failed with the following output:
Change Dir: /home/wxk/cpp/tensorRT_Pro/CMakeFiles/CMakeTmp

Run Build Command:"/usr/bin/gmake" "cmTC_aa6ae/fast"
/usr/bin/gmake -f CMakeFiles/cmTC_aa6ae.dir/build.make CMakeFiles/cmTC_aa6ae.dir/build
gmake[1]: 进入目录“/home/wxk/cpp/tensorRT_Pro/CMakeFiles/CMakeTmp”
Building C object CMakeFiles/cmTC_aa6ae.dir/CheckFunctionExists.c.o
/usr/bin/cc    -fPIC -DCHECK_FUNCTION_EXISTS=pthread_create   -o CMakeFiles/cmTC_aa6ae.dir/CheckFunctionExists.c.o   -c /usr/local/share/cmake-3.7/Modules/CheckFunctionExists.c
Linking C executable cmTC_aa6ae
/usr/local/bin/cmake -E cmake_link_script CMakeFiles/cmTC_aa6ae.dir/link.txt --verbose=1
/usr/bin/cc  -fPIC -DCHECK_FUNCTION_EXISTS=pthread_create    CMakeFiles/cmTC_aa6ae.dir/CheckFunctionExists.c.o  -o cmTC_aa6ae -rdynamic -lpthreads 
/usr/bin/ld: cannot find -lpthreads
collect2: 错误：ld 返回 1
gmake[1]: *** [cmTC_aa6ae] 错误 1
gmake[1]: 离开目录“/home/wxk/cpp/tensorRT_Pro/CMakeFiles/CMakeTmp”
gmake: *** [cmTC_aa6ae/fast] 错误 2


Determining if the pthread_create exist failed with the following output:
Change Dir: /home/wxk/cpp/tensorRT_Pro/CMakeFiles/CMakeTmp

Run Build Command:"/usr/bin/gmake" "cmTC_d76db/fast"
/usr/bin/gmake -f CMakeFiles/cmTC_d76db.dir/build.make CMakeFiles/cmTC_d76db.dir/build
gmake[1]: 进入目录“/home/wxk/cpp/tensorRT_Pro/CMakeFiles/CMakeTmp”
Building C object CMakeFiles/cmTC_d76db.dir/CheckSymbolExists.c.o
/usr/bin/cc    -fPIC    -o CMakeFiles/cmTC_d76db.dir/CheckSymbolExists.c.o   -c /home/wxk/cpp/tensorRT_Pro/CMakeFiles/CMakeTmp/CheckSymbolExists.c
Linking C executable cmTC_d76db
/usr/local/bin/cmake -E cmake_link_script CMakeFiles/cmTC_d76db.dir/link.txt --verbose=1
/usr/bin/cc  -fPIC     CMakeFiles/cmTC_d76db.dir/CheckSymbolExists.c.o  -o cmTC_d76db -rdynamic 
CMakeFiles/cmTC_d76db.dir/CheckSymbolExists.c.o：在函数‘main’中：
CheckSymbolExists.c:(.text+0x1b)：对‘pthread_create’未定义的引用
collect2: 错误：ld 返回 1
gmake[1]: *** [cmTC_d76db] 错误 1
gmake[1]: 离开目录“/home/wxk/cpp/tensorRT_Pro/CMakeFiles/CMakeTmp”
gmake: *** [cmTC_d76db/fast] 错误 2

File /home/wxk/cpp/tensorRT_Pro/CMakeFiles/CMakeTmp/CheckSymbolExists.c:
/* */
#include <pthread.h>

int main(int argc, char** argv)
{
  (void)argv;
#ifndef pthread_create
  return ((int*)(&pthread_create))[argc];
#else
  (void)argc;
  return 0;
#endif
}

Determining if the function pthread_create exists in the pthreads failed with the following output:
Change Dir: /home/wxk/cpp/tensorRT_Pro/CMakeFiles/CMakeTmp

Run Build Command:"/usr/bin/gmake" "cmTC_74629/fast"
/usr/bin/gmake -f CMakeFiles/cmTC_74629.dir/build.make CMakeFiles/cmTC_74629.dir/build
gmake[1]: 进入目录“/home/wxk/cpp/tensorRT_Pro/CMakeFiles/CMakeTmp”
Building C object CMakeFiles/cmTC_74629.dir/CheckFunctionExists.c.o
/usr/bin/cc    -fPIC -DCHECK_FUNCTION_EXISTS=pthread_create   -o CMakeFiles/cmTC_74629.dir/CheckFunctionExists.c.o   -c /usr/local/share/cmake-3.7/Modules/CheckFunctionExists.c
Linking C executable cmTC_74629
/usr/local/bin/cmake -E cmake_link_script CMakeFiles/cmTC_74629.dir/link.txt --verbose=1
/usr/bin/cc  -fPIC -DCHECK_FUNCTION_EXISTS=pthread_create    CMakeFiles/cmTC_74629.dir/CheckFunctionExists.c.o  -o cmTC_74629 -rdynamic -lpthreads 
/usr/bin/ld: cannot find -lpthreads
collect2: 错误：ld 返回 1
gmake[1]: *** [cmTC_74629] 错误 1
gmake[1]: 离开目录“/home/wxk/cpp/tensorRT_Pro/CMakeFiles/CMakeTmp”
gmake: *** [cmTC_74629/fast] 错误 2


Determining if the pthread_create exist failed with the following output:
Change Dir: /home/wxk/cpp/tensorRT_Pro/CMakeFiles/CMakeTmp

Run Build Command:"/usr/bin/gmake" "cmTC_c5b42/fast"
/usr/bin/gmake -f CMakeFiles/cmTC_c5b42.dir/build.make CMakeFiles/cmTC_c5b42.dir/build
gmake[1]: 进入目录“/home/wxk/cpp/tensorRT_Pro/CMakeFiles/CMakeTmp”
Building C object CMakeFiles/cmTC_c5b42.dir/CheckSymbolExists.c.o
/usr/bin/cc    -fPIC    -o CMakeFiles/cmTC_c5b42.dir/CheckSymbolExists.c.o   -c /home/wxk/cpp/tensorRT_Pro/CMakeFiles/CMakeTmp/CheckSymbolExists.c
Linking C executable cmTC_c5b42
/usr/local/bin/cmake -E cmake_link_script CMakeFiles/cmTC_c5b42.dir/link.txt --verbose=1
/usr/bin/cc  -fPIC     CMakeFiles/cmTC_c5b42.dir/CheckSymbolExists.c.o  -o cmTC_c5b42 -rdynamic 
CMakeFiles/cmTC_c5b42.dir/CheckSymbolExists.c.o：在函数‘main’中：
CheckSymbolExists.c:(.text+0x1b)：对‘pthread_create’未定义的引用
collect2: 错误：ld 返回 1
gmake[1]: *** [cmTC_c5b42] 错误 1
gmake[1]: 离开目录“/home/wxk/cpp/tensorRT_Pro/CMakeFiles/CMakeTmp”
gmake: *** [cmTC_c5b42/fast] 错误 2

File /home/wxk/cpp/tensorRT_Pro/CMakeFiles/CMakeTmp/CheckSymbolExists.c:
/* */
#include <pthread.h>

int main(int argc, char** argv)
{
  (void)argv;
#ifndef pthread_create
  return ((int*)(&pthread_create))[argc];
#else
  (void)argc;
  return 0;
#endif
}

Determining if the function pthread_create exists in the pthreads failed with the following output:
Change Dir: /home/wxk/cpp/tensorRT_Pro/CMakeFiles/CMakeTmp

Run Build Command:"/usr/bin/gmake" "cmTC_3a9a4/fast"
/usr/bin/gmake -f CMakeFiles/cmTC_3a9a4.dir/build.make CMakeFiles/cmTC_3a9a4.dir/build
gmake[1]: 进入目录“/home/wxk/cpp/tensorRT_Pro/CMakeFiles/CMakeTmp”
Building C object CMakeFiles/cmTC_3a9a4.dir/CheckFunctionExists.c.o
/usr/bin/cc    -fPIC -DCHECK_FUNCTION_EXISTS=pthread_create   -o CMakeFiles/cmTC_3a9a4.dir/CheckFunctionExists.c.o   -c /usr/local/share/cmake-3.7/Modules/CheckFunctionExists.c
Linking C executable cmTC_3a9a4
/usr/local/bin/cmake -E cmake_link_script CMakeFiles/cmTC_3a9a4.dir/link.txt --verbose=1
/usr/bin/cc  -fPIC -DCHECK_FUNCTION_EXISTS=pthread_create    CMakeFiles/cmTC_3a9a4.dir/CheckFunctionExists.c.o  -o cmTC_3a9a4 -rdynamic -lpthreads 
/usr/bin/ld: cannot find -lpthreads
collect2: 错误：ld 返回 1
gmake[1]: *** [cmTC_3a9a4] 错误 1
gmake[1]: 离开目录“/home/wxk/cpp/tensorRT_Pro/CMakeFiles/CMakeTmp”
gmake: *** [cmTC_3a9a4/fast] 错误 2


Determining if the pthread_create exist failed with the following output:
Change Dir: /home/wxk/cpp/tensorRT_Pro/CMakeFiles/CMakeTmp

Run Build Command:"/usr/bin/gmake" "cmTC_4d9ff/fast"
/usr/bin/gmake -f CMakeFiles/cmTC_4d9ff.dir/build.make CMakeFiles/cmTC_4d9ff.dir/build
gmake[1]: 进入目录“/home/wxk/cpp/tensorRT_Pro/CMakeFiles/CMakeTmp”
Building C object CMakeFiles/cmTC_4d9ff.dir/CheckSymbolExists.c.o
/usr/bin/cc    -fPIC    -o CMakeFiles/cmTC_4d9ff.dir/CheckSymbolExists.c.o   -c /home/wxk/cpp/tensorRT_Pro/CMakeFiles/CMakeTmp/CheckSymbolExists.c
Linking C executable cmTC_4d9ff
/usr/local/bin/cmake -E cmake_link_script CMakeFiles/cmTC_4d9ff.dir/link.txt --verbose=1
/usr/bin/cc  -fPIC     CMakeFiles/cmTC_4d9ff.dir/CheckSymbolExists.c.o  -o cmTC_4d9ff -rdynamic 
CMakeFiles/cmTC_4d9ff.dir/CheckSymbolExists.c.o：在函数‘main’中：
CheckSymbolExists.c:(.text+0x1b)：对‘pthread_create’未定义的引用
collect2: 错误：ld 返回 1
gmake[1]: *** [cmTC_4d9ff] 错误 1
gmake[1]: 离开目录“/home/wxk/cpp/tensorRT_Pro/CMakeFiles/CMakeTmp”
gmake: *** [cmTC_4d9ff/fast] 错误 2

File /home/wxk/cpp/tensorRT_Pro/CMakeFiles/CMakeTmp/CheckSymbolExists.c:
/* */
#include <pthread.h>

int main(int argc, char** argv)
{
  (void)argv;
#ifndef pthread_create
  return ((int*)(&pthread_create))[argc];
#else
  (void)argc;
  return 0;
#endif
}

Determining if the function pthread_create exists in the pthreads failed with the following output:
Change Dir: /home/wxk/cpp/tensorRT_Pro/CMakeFiles/CMakeTmp

Run Build Command:"/usr/bin/gmake" "cmTC_4ad3d/fast"
/usr/bin/gmake -f CMakeFiles/cmTC_4ad3d.dir/build.make CMakeFiles/cmTC_4ad3d.dir/build
gmake[1]: 进入目录“/home/wxk/cpp/tensorRT_Pro/CMakeFiles/CMakeTmp”
Building C object CMakeFiles/cmTC_4ad3d.dir/CheckFunctionExists.c.o
/usr/bin/cc    -fPIC -DCHECK_FUNCTION_EXISTS=pthread_create   -o CMakeFiles/cmTC_4ad3d.dir/CheckFunctionExists.c.o   -c /usr/local/share/cmake-3.7/Modules/CheckFunctionExists.c
Linking C executable cmTC_4ad3d
/usr/local/bin/cmake -E cmake_link_script CMakeFiles/cmTC_4ad3d.dir/link.txt --verbose=1
/usr/bin/cc  -fPIC -DCHECK_FUNCTION_EXISTS=pthread_create    CMakeFiles/cmTC_4ad3d.dir/CheckFunctionExists.c.o  -o cmTC_4ad3d -rdynamic -lpthreads 
/usr/bin/ld: cannot find -lpthreads
collect2: 错误：ld 返回 1
gmake[1]: *** [cmTC_4ad3d] 错误 1
gmake[1]: 离开目录“/home/wxk/cpp/tensorRT_Pro/CMakeFiles/CMakeTmp”
gmake: *** [cmTC_4ad3d/fast] 错误 2


Determining if the pthread_create exist failed with the following output:
Change Dir: /home/wxk/cpp/tensorRT_Pro/CMakeFiles/CMakeTmp

Run Build Command:"/usr/bin/gmake" "cmTC_58cce/fast"
/usr/bin/gmake -f CMakeFiles/cmTC_58cce.dir/build.make CMakeFiles/cmTC_58cce.dir/build
gmake[1]: 进入目录“/home/wxk/cpp/tensorRT_Pro/CMakeFiles/CMakeTmp”
Building C object CMakeFiles/cmTC_58cce.dir/CheckSymbolExists.c.o
/usr/bin/cc    -fPIC    -o CMakeFiles/cmTC_58cce.dir/CheckSymbolExists.c.o   -c /home/wxk/cpp/tensorRT_Pro/CMakeFiles/CMakeTmp/CheckSymbolExists.c
Linking C executable cmTC_58cce
/usr/local/bin/cmake -E cmake_link_script CMakeFiles/cmTC_58cce.dir/link.txt --verbose=1
/usr/bin/cc  -fPIC     CMakeFiles/cmTC_58cce.dir/CheckSymbolExists.c.o  -o cmTC_58cce -rdynamic 
CMakeFiles/cmTC_58cce.dir/CheckSymbolExists.c.o：在函数‘main’中：
CheckSymbolExists.c:(.text+0x1b)：对‘pthread_create’未定义的引用
collect2: 错误：ld 返回 1
gmake[1]: *** [cmTC_58cce] 错误 1
gmake[1]: 离开目录“/home/wxk/cpp/tensorRT_Pro/CMakeFiles/CMakeTmp”
gmake: *** [cmTC_58cce/fast] 错误 2

File /home/wxk/cpp/tensorRT_Pro/CMakeFiles/CMakeTmp/CheckSymbolExists.c:
/* */
#include <pthread.h>

int main(int argc, char** argv)
{
  (void)argv;
#ifndef pthread_create
  return ((int*)(&pthread_create))[argc];
#else
  (void)argc;
  return 0;
#endif
}

Determining if the function pthread_create exists in the pthreads failed with the following output:
Change Dir: /home/wxk/cpp/tensorRT_Pro/CMakeFiles/CMakeTmp

Run Build Command:"/usr/bin/gmake" "cmTC_18759/fast"
/usr/bin/gmake -f CMakeFiles/cmTC_18759.dir/build.make CMakeFiles/cmTC_18759.dir/build
gmake[1]: 进入目录“/home/wxk/cpp/tensorRT_Pro/CMakeFiles/CMakeTmp”
Building C object CMakeFiles/cmTC_18759.dir/CheckFunctionExists.c.o
/usr/bin/cc    -fPIC -DCHECK_FUNCTION_EXISTS=pthread_create   -o CMakeFiles/cmTC_18759.dir/CheckFunctionExists.c.o   -c /usr/local/share/cmake-3.7/Modules/CheckFunctionExists.c
Linking C executable cmTC_18759
/usr/local/bin/cmake -E cmake_link_script CMakeFiles/cmTC_18759.dir/link.txt --verbose=1
/usr/bin/cc  -fPIC -DCHECK_FUNCTION_EXISTS=pthread_create    CMakeFiles/cmTC_18759.dir/CheckFunctionExists.c.o  -o cmTC_18759 -rdynamic -lpthreads 
/usr/bin/ld: cannot find -lpthreads
collect2: 错误：ld 返回 1
gmake[1]: *** [cmTC_18759] 错误 1
gmake[1]: 离开目录“/home/wxk/cpp/tensorRT_Pro/CMakeFiles/CMakeTmp”
gmake: *** [cmTC_18759/fast] 错误 2


